[debug] [2022-10-08T15:12:50.568Z] ----------------------------------------------------------------------
[debug] [2022-10-08T15:12:50.569Z] Command:       /usr/local/bin/node /Users/mitaleeminde/.npm-global/bin/firebase init
[debug] [2022-10-08T15:12:50.570Z] CLI Version:   11.14.1
[debug] [2022-10-08T15:12:50.570Z] Platform:      darwin
[debug] [2022-10-08T15:12:50.570Z] Node Version:  v16.17.1
[debug] [2022-10-08T15:12:50.574Z] Time:          Sat Oct 08 2022 11:12:50 GMT-0400 (Eastern Daylight Time)
[debug] [2022-10-08T15:12:50.574Z] ----------------------------------------------------------------------
[debug] 
[debug] [2022-10-08T15:12:50.576Z] > command requires scopes: ["email","openid","https://www.googleapis.com/auth/cloudplatformprojects.readonly","https://www.googleapis.com/auth/firebase","https://www.googleapis.com/auth/cloud-platform"]
[debug] [2022-10-08T15:12:50.577Z] > authorizing via signed-in user (mitaleeminde@gmail.com)
[info] 
     ######## #### ########  ######## ########     ###     ######  ########
     ##        ##  ##     ## ##       ##     ##  ##   ##  ##       ##
     ######    ##  ########  ######   ########  #########  ######  ######
     ##        ##  ##    ##  ##       ##     ## ##     ##       ## ##
     ##       #### ##     ## ######## ########  ##     ##  ######  ########

You're about to initialize a Firebase project in this directory:

  /Users/mitaleeminde/Documents/Projects/Portfolio

[info] 
=== Project Setup
[info] 
[info] First, let's associate this project directory with a Firebase project.
[info] You can create multiple project aliases by running firebase use --add, 
[info] but for now we'll just set up a default project.
[info] 
[debug] [2022-10-08T15:14:08.364Z] >>> [apiv2][query] GET https://firebase.googleapis.com/v1beta1/projects pageSize=100
[debug] [2022-10-08T15:14:08.889Z] <<< [apiv2][status] GET https://firebase.googleapis.com/v1beta1/projects 200
[debug] [2022-10-08T15:14:08.890Z] <<< [apiv2][body] GET https://firebase.googleapis.com/v1beta1/projects [omitted]
[info] i  Using project mitaleemindeportfolio (mitaleemindeportfolio) 
[info] 
=== Database Setup
[info] i  database: ensuring required API firebasedatabase.googleapis.com is enabled... 
[debug] [2022-10-08T15:14:14.308Z] >>> [apiv2][query] GET https://serviceusage.googleapis.com/v1/projects/mitaleemindeportfolio/services/firebasedatabase.googleapis.com [none]
[debug] [2022-10-08T15:14:14.308Z] >>> [apiv2][(partial)header] GET https://serviceusage.googleapis.com/v1/projects/mitaleemindeportfolio/services/firebasedatabase.googleapis.com x-goog-quota-user=projects/mitaleemindeportfolio
[debug] [2022-10-08T15:14:14.784Z] <<< [apiv2][status] GET https://serviceusage.googleapis.com/v1/projects/mitaleemindeportfolio/services/firebasedatabase.googleapis.com 200
[debug] [2022-10-08T15:14:14.784Z] <<< [apiv2][body] GET https://serviceusage.googleapis.com/v1/projects/mitaleemindeportfolio/services/firebasedatabase.googleapis.com [omitted]
[warn] ⚠  database: missing required API firebasedatabase.googleapis.com. Enabling now... 
[debug] [2022-10-08T15:14:14.785Z] >>> [apiv2][query] POST https://serviceusage.googleapis.com/v1/projects/mitaleemindeportfolio/services/firebasedatabase.googleapis.com:enable [none]
[debug] [2022-10-08T15:14:14.785Z] >>> [apiv2][(partial)header] POST https://serviceusage.googleapis.com/v1/projects/mitaleemindeportfolio/services/firebasedatabase.googleapis.com:enable x-goog-quota-user=projects/mitaleemindeportfolio
[debug] [2022-10-08T15:14:15.847Z] <<< [apiv2][status] POST https://serviceusage.googleapis.com/v1/projects/mitaleemindeportfolio/services/firebasedatabase.googleapis.com:enable 200
[debug] [2022-10-08T15:14:15.847Z] <<< [apiv2][body] POST https://serviceusage.googleapis.com/v1/projects/mitaleemindeportfolio/services/firebasedatabase.googleapis.com:enable [omitted]
[debug] [2022-10-08T15:14:25.851Z] >>> [apiv2][query] GET https://serviceusage.googleapis.com/v1/projects/mitaleemindeportfolio/services/firebasedatabase.googleapis.com [none]
[debug] [2022-10-08T15:14:25.852Z] >>> [apiv2][(partial)header] GET https://serviceusage.googleapis.com/v1/projects/mitaleemindeportfolio/services/firebasedatabase.googleapis.com x-goog-quota-user=projects/mitaleemindeportfolio
[debug] [2022-10-08T15:14:26.282Z] <<< [apiv2][status] GET https://serviceusage.googleapis.com/v1/projects/mitaleemindeportfolio/services/firebasedatabase.googleapis.com 200
[debug] [2022-10-08T15:14:26.283Z] <<< [apiv2][body] GET https://serviceusage.googleapis.com/v1/projects/mitaleemindeportfolio/services/firebasedatabase.googleapis.com [omitted]
[info] ✔  database: required API firebasedatabase.googleapis.com is enabled 
[info] 
[debug] [2022-10-08T15:14:26.289Z] >>> [apiv2][query] GET https://firebase.googleapis.com/v1beta1/projects/mitaleemindeportfolio [none]
[debug] [2022-10-08T15:14:26.540Z] <<< [apiv2][status] GET https://firebase.googleapis.com/v1beta1/projects/mitaleemindeportfolio 200
[debug] [2022-10-08T15:14:26.540Z] <<< [apiv2][body] GET https://firebase.googleapis.com/v1beta1/projects/mitaleemindeportfolio {"projectId":"mitaleemindeportfolio","projectNumber":"62968427274","displayName":"mitaleemindeportfolio","name":"projects/mitaleemindeportfolio","resources":{"hostingSite":"mitaleemindeportfolio"},"state":"ACTIVE","etag":"1_a8ad830b-441a-4fcd-a72e-5cfb6226d611"}
[debug] [2022-10-08T15:14:47.706Z] >>> [apiv2][query] POST https://firebasedatabase.googleapis.com/v1beta/projects/mitaleemindeportfolio/locations/us-central1/instances databaseId=mitaleemindeportfolio-default-rtdb&validateOnly=true
[debug] [2022-10-08T15:14:47.707Z] >>> [apiv2][body] POST https://firebasedatabase.googleapis.com/v1beta/projects/mitaleemindeportfolio/locations/us-central1/instances {"type":"default_database"}
[debug] [2022-10-08T15:14:48.252Z] <<< [apiv2][status] POST https://firebasedatabase.googleapis.com/v1beta/projects/mitaleemindeportfolio/locations/us-central1/instances 200
[debug] [2022-10-08T15:14:48.252Z] <<< [apiv2][body] POST https://firebasedatabase.googleapis.com/v1beta/projects/mitaleemindeportfolio/locations/us-central1/instances {"name":"projects/62968427274/locations/us-central1/instances/mitaleemindeportfolio-default-rtdb","project":"projects/62968427274","databaseUrl":"https://mitaleemindeportfolio-default-rtdb.firebaseio.com","type":"DEFAULT_DATABASE","state":"ACTIVE"}
[debug] [2022-10-08T15:14:48.253Z] >>> [apiv2][query] POST https://firebasedatabase.googleapis.com/v1beta/projects/mitaleemindeportfolio/locations/us-central1/instances databaseId=mitaleemindeportfolio-default-rtdb
[debug] [2022-10-08T15:14:48.253Z] >>> [apiv2][body] POST https://firebasedatabase.googleapis.com/v1beta/projects/mitaleemindeportfolio/locations/us-central1/instances {"type":"default_database"}
[debug] [2022-10-08T15:14:49.111Z] <<< [apiv2][status] POST https://firebasedatabase.googleapis.com/v1beta/projects/mitaleemindeportfolio/locations/us-central1/instances 200
[debug] [2022-10-08T15:14:49.111Z] <<< [apiv2][body] POST https://firebasedatabase.googleapis.com/v1beta/projects/mitaleemindeportfolio/locations/us-central1/instances {"name":"projects/62968427274/locations/us-central1/instances/mitaleemindeportfolio-default-rtdb","project":"projects/62968427274","databaseUrl":"https://mitaleemindeportfolio-default-rtdb.firebaseio.com","type":"DEFAULT_DATABASE","state":"ACTIVE"}
[info] 
[info] Firebase Realtime Database Security Rules allow you to define how your data should be
[info] structured and when your data can be read from and written to.
[info] 
[debug] [2022-10-08T15:15:22.089Z] >>> [apiv2][query] GET https://mitaleemindeportfolio-default-rtdb.firebaseio.com/.settings/rules.json [none]
[debug] [2022-10-08T15:15:22.852Z] <<< [apiv2][status] GET https://mitaleemindeportfolio-default-rtdb.firebaseio.com/.settings/rules.json 200
[debug] [2022-10-08T15:15:22.853Z] <<< [apiv2][body] GET https://mitaleemindeportfolio-default-rtdb.firebaseio.com/.settings/rules.json [stream]
[info] ✔  Database Rules for mitaleemindeportfolio-default-rtdb have been written to None. 
[info] Future modifications to None will update Realtime Database Security Rules when you run
[info] firebase deploy.
[info] 
=== Hosting Setup
[info] 
[info] Your public directory is the folder (relative to your project directory) that
[info] will contain Hosting assets to be uploaded with firebase deploy. If you
[info] have a build process for your assets, use your build's output directory.
[info] 
